<?xml version="1.0" encoding="UTF-8"?>
<!-- Generated by org.testng.reporters.JUnitXMLReporter -->
<testsuite hostname="WL2781-0058430" ignored="0" name="Default test" tests="1" failures="1" timestamp="20 Jun 2019 10:05:48 GMT" time="111.075" errors="0">
  <testcase name="scenario" time="54.826" classname="com.test.BBBY_Rest_api.features_api.RunCukesByTest">
    <failure type="java.lang.NullPointerException">
      <![CDATA[java.lang.NullPointerException
	at com.test.BBBY_Rest_api.features_api.ManageCreateOrder.generateToken(ManageCreateOrder.java:49)
	at com.test.BBBY_Rest_api.features_api.ManageCreateOrder.createOrder(ManageCreateOrder.java:81)
	at com.test.BBBY_Rest_api.features_api.ManageCreateOrder.create_new_orders(ManageCreateOrder.java:135)
	at ✽.Create "1" new orders(classpath:com/test/BBBY_Rest_api/features_api/CreateOrder.feature:7)
]]>
    </failure>
  </testcase> <!-- scenario -->
</testsuite> <!-- Default test -->
