<?xml version="1.0" encoding="UTF-8"?>
<testng-results skipped="0" failed="1" ignored="0" total="1" passed="0">
  <reporter-output>
  </reporter-output>
  <suite name="Default suite" duration-ms="826" started-at="2019-06-20T10:03:24Z" finished-at="2019-06-20T10:03:25Z">
    <groups>
      <group name="cucumber">
        <method signature="RunCukesByTest.scenario(cucumber.api.testng.PickleEventWrapper, cucumber.api.testng.CucumberFeatureWrapper)[pri:0, instance:com.test.BBBY_Rest_api.features_api.RunCukesByTest@41fbdac4]" name="scenario" class="com.test.BBBY_Rest_api.features_api.RunCukesByTest"/>
      </group> <!-- cucumber -->
    </groups>
    <test name="Default test" duration-ms="826" started-at="2019-06-20T10:03:24Z" finished-at="2019-06-20T10:03:25Z">
      <class name="com.test.BBBY_Rest_api.features_api.RunCukesByTest">
        <test-method status="PASS" signature="beforeClass()[pri:0, instance:com.test.BBBY_Rest_api.features_api.RunCukesByTest@41fbdac4]" name="beforeClass" is-config="true" duration-ms="8" started-at="2019-06-20T15:33:24Z" finished-at="2019-06-20T15:33:24Z">
          <reporter-output>
          </reporter-output>
        </test-method> <!-- beforeClass -->
        <test-method status="PASS" signature="setUpClass()[pri:0, instance:com.test.BBBY_Rest_api.features_api.RunCukesByTest@41fbdac4]" name="setUpClass" is-config="true" duration-ms="112" started-at="2019-06-20T15:33:24Z" finished-at="2019-06-20T15:33:24Z">
          <reporter-output>
          </reporter-output>
        </test-method> <!-- setUpClass -->
        <test-method status="PASS" signature="beforeMethod()[pri:0, instance:com.test.BBBY_Rest_api.features_api.RunCukesByTest@41fbdac4]" name="beforeMethod" is-config="true" duration-ms="1" started-at="2019-06-20T15:33:25Z" finished-at="2019-06-20T15:33:25Z">
          <reporter-output>
          </reporter-output>
        </test-method> <!-- beforeMethod -->
        <test-method status="FAIL" signature="scenario(cucumber.api.testng.PickleEventWrapper, cucumber.api.testng.CucumberFeatureWrapper)[pri:0, instance:com.test.BBBY_Rest_api.features_api.RunCukesByTest@41fbdac4]" name="scenario" duration-ms="620" started-at="2019-06-20T15:33:25Z" description="Runs Cucumber Scenarios" data-provider="scenarios" finished-at="2019-06-20T15:33:25Z">
          <params>
            <param index="0">
              <value>
                <![CDATA["Create Orders"]]>
              </value>
            </param>
            <param index="1">
              <value>
                <![CDATA["Create Orders"]]>
              </value>
            </param>
          </params>
          <exception class="java.lang.NullPointerException">
            <full-stacktrace>
              <![CDATA[java.lang.NullPointerException
	at com.test.BBBY_Rest_api.features_api.ManageCreateOrder.generateToken(ManageCreateOrder.java:49)
	at com.test.BBBY_Rest_api.features_api.ManageCreateOrder.createOrder(ManageCreateOrder.java:81)
	at com.test.BBBY_Rest_api.features_api.ManageCreateOrder.create_new_orders(ManageCreateOrder.java:135)
	at ✽.Create "1" new orders(classpath:com/test/BBBY_Rest_api/features_api/CreateOrder.feature:7)
]]>
            </full-stacktrace>
          </exception> <!-- java.lang.NullPointerException -->
          <reporter-output>
          </reporter-output>
        </test-method> <!-- scenario -->
        <test-method status="PASS" signature="tearDownClass()[pri:0, instance:com.test.BBBY_Rest_api.features_api.RunCukesByTest@41fbdac4]" name="tearDownClass" is-config="true" duration-ms="28" started-at="2019-06-20T15:33:25Z" finished-at="2019-06-20T15:33:25Z">
          <reporter-output>
          </reporter-output>
        </test-method> <!-- tearDownClass -->
      </class> <!-- com.test.BBBY_Rest_api.features_api.RunCukesByTest -->
    </test> <!-- Default test -->
  </suite> <!-- Default suite -->
</testng-results>
