<?xml version="1.0" encoding="UTF-8"?>
<!-- Generated by org.testng.reporters.JUnitReportReporter -->
<testsuite name="com.test.BBBY_Rest_api.features_api.RunCukesByTest" tests="1" time="0.621" ignored="0" failures="0" timestamp="20 Jun 2019 10:03:25 GMT" skipped="0" hostname="WL2781-0058430" errors="1">
  <testcase name="scenario" time="0.621" classname="com.test.BBBY_Rest_api.features_api.RunCukesByTest">
    <error type="java.lang.NullPointerException">
      <![CDATA[java.lang.NullPointerException
	at com.test.BBBY_Rest_api.features_api.ManageCreateOrder.generateToken(ManageCreateOrder.java:49)
	at com.test.BBBY_Rest_api.features_api.ManageCreateOrder.createOrder(ManageCreateOrder.java:81)
	at com.test.BBBY_Rest_api.features_api.ManageCreateOrder.create_new_orders(ManageCreateOrder.java:135)
	at ✽.Create "1" new orders(classpath:com/test/BBBY_Rest_api/features_api/CreateOrder.feature:7)
]]>
    </error>
  </testcase> <!-- scenario -->
</testsuite> <!-- com.test.BBBY_Rest_api.features_api.RunCukesByTest -->
